# JRE version: Java(TM) SE Runtime Environment (17.0.1+12) (build 17.0.1+12-LTS-39)
# Java VM: Java HotSpot(TM) 64-Bit Server VM (17.0.1+12-LTS-39, mixed mode, emulated-client, sharing, tiered, compressed oops, compressed class ptrs, g1 gc, windows-amd64)
GC Precious Log:
 CPUs: 8 total, 8 available
 Memory: 32690M
 Large Page Support: Disabled
 NUMA Support: Disabled
 Compressed Oops: Enabled (Zero based)
 Heap Region Size: 4M
 Heap Min Capacity: 8M
 Heap Initial Capacity: 512M
 Heap Max Capacity: 8176M
 Pre-touch: Disabled
 Parallel Workers: 8
 Concurrent Workers: 2
 Concurrent Refinement Workers: 8
 Periodic GC: Disabled
Heap:
 garbage-first heap   total 319488K, used 119124K [0x0000000601000000, 0x0000000800000000)
  region size 4096K, 26 young (106496K), 1 survivors (4096K)
 Metaspace       used 48452K, committed 48960K, reserved 1097728K
  class space    used 6553K, committed 6784K, reserved 1048576K
GC Heap History (20 events):
Event: 2.291 GC heap before
{Heap before GC invocations=5 (full 0):
 garbage-first heap   total 81920K, used 61428K [0x0000000601000000, 0x0000000800000000)
  region size 4096K, 15 young (61440K), 2 survivors (8192K)
 Metaspace       used 24699K, committed 25088K, reserved 1073152K
  class space    used 3338K, committed 3520K, reserved 1048576K
}
Event: 2.297 GC heap after
{Heap after GC invocations=6 (full 0):
 garbage-first heap   total 81920K, used 13247K [0x0000000601000000, 0x0000000800000000)
  region size 4096K, 2 young (8192K), 2 survivors (8192K)
 Metaspace       used 24699K, committed 25088K, reserved 1073152K
  class space    used 3338K, committed 3520K, reserved 1048576K
}
Event: 2.331 GC heap before
{Heap before GC invocations=6 (full 0):
 garbage-first heap   total 81920K, used 17343K [0x0000000601000000, 0x0000000800000000)
  region size 4096K, 3 young (12288K), 2 survivors (8192K)
 Metaspace       used 25115K, committed 25472K, reserved 1073152K
  class space    used 3395K, committed 3584K, reserved 1048576K
}
Event: 2.340 GC heap after
{Heap after GC invocations=7 (full 0):
 garbage-first heap   total 81920K, used 14032K [0x0000000601000000, 0x0000000800000000)
  region size 4096K, 1 young (4096K), 1 survivors (4096K)
 Metaspace       used 25115K, committed 25472K, reserved 1073152K
  class space    used 3395K, committed 3584K, reserved 1048576K
}
Event: 2.911 GC heap before
{Heap before GC invocations=7 (full 0):
 garbage-first heap   total 81920K, used 59088K [0x0000000601000000, 0x0000000800000000)
  region size 4096K, 12 young (49152K), 1 survivors (4096K)
 Metaspace       used 29051K, committed 29504K, reserved 1081344K
  class space    used 3916K, committed 4160K, reserved 1048576K
}
Event: 2.919 GC heap after
{Heap after GC invocations=8 (full 0):
 garbage-first heap   total 303104K, used 15627K [0x0000000601000000, 0x0000000800000000)
  region size 4096K, 2 young (8192K), 2 survivors (8192K)
 Metaspace       used 29051K, committed 29504K, reserved 1081344K
  class space    used 3916K, committed 4160K, reserved 1048576K
}
Event: 3.674 GC heap before
{Heap before GC invocations=8 (full 0):
 garbage-first heap   total 303104K, used 187659K [0x0000000601000000, 0x0000000800000000)
  region size 4096K, 44 young (180224K), 2 survivors (8192K)
 Metaspace       used 30071K, committed 30464K, reserved 1081344K
  class space    used 4077K, committed 4288K, reserved 1048576K
}
Event: 3.683 GC heap after
{Heap after GC invocations=9 (full 0):
 garbage-first heap   total 303104K, used 20551K [0x0000000601000000, 0x0000000800000000)
  region size 4096K, 3 young (12288K), 3 survivors (12288K)
 Metaspace       used 30071K, committed 30464K, reserved 1081344K
  class space    used 4077K, committed 4288K, reserved 1048576K
}
Event: 4.784 GC heap before
{Heap before GC invocations=9 (full 0):
 garbage-first heap   total 303104K, used 188487K [0x0000000601000000, 0x0000000800000000)
  region size 4096K, 44 young (180224K), 3 survivors (12288K)
 Metaspace       used 30734K, committed 31168K, reserved 1081344K
  class space    used 4143K, committed 4352K, reserved 1048576K
}
Event: 4.792 GC heap after
{Heap after GC invocations=10 (full 0):
 garbage-first heap   total 303104K, used 21622K [0x0000000601000000, 0x0000000800000000)
  region size 4096K, 3 young (12288K), 3 survivors (12288K)
 Metaspace       used 30734K, committed 31168K, reserved 1081344K
  class space    used 4143K, committed 4352K, reserved 1048576K
}
Event: 7.234 GC heap before
{Heap before GC invocations=10 (full 0):
 garbage-first heap   total 303104K, used 185462K [0x0000000601000000, 0x0000000800000000)
  region size 4096K, 44 young (180224K), 3 survivors (12288K)
 Metaspace       used 30841K, committed 31232K, reserved 1081344K
  class space    used 4168K, committed 4352K, reserved 1048576K
}
Event: 7.244 GC heap after
{Heap after GC invocations=11 (full 0):
 garbage-first heap   total 303104K, used 24945K [0x0000000601000000, 0x0000000800000000)
  region size 4096K, 4 young (16384K), 4 survivors (16384K)
 Metaspace       used 30841K, committed 31232K, reserved 1081344K
  class space    used 4168K, committed 4352K, reserved 1048576K
}
Event: 8.221 GC heap before
{Heap before GC invocations=11 (full 0):
 garbage-first heap   total 303104K, used 188785K [0x0000000601000000, 0x0000000800000000)
  region size 4096K, 44 young (180224K), 4 survivors (16384K)
 Metaspace       used 35158K, committed 35584K, reserved 1081344K
  class space    used 4714K, committed 4928K, reserved 1048576K
}
Event: 8.230 GC heap after
{Heap after GC invocations=12 (full 0):
 garbage-first heap   total 303104K, used 22630K [0x0000000601000000, 0x0000000800000000)
  region size 4096K, 3 young (12288K), 3 survivors (12288K)
 Metaspace       used 35158K, committed 35584K, reserved 1081344K
  class space    used 4714K, committed 4928K, reserved 1048576K
}
Event: 8.452 GC heap before
{Heap before GC invocations=12 (full 0):
 garbage-first heap   total 303104K, used 75878K [0x0000000601000000, 0x0000000800000000)
  region size 4096K, 17 young (69632K), 3 survivors (12288K)
 Metaspace       used 35715K, committed 36096K, reserved 1081344K
  class space    used 4798K, committed 4992K, reserved 1048576K
}
Event: 8.459 GC heap after
{Heap after GC invocations=13 (full 0):
 garbage-first heap   total 303104K, used 22378K [0x0000000601000000, 0x0000000800000000)
  region size 4096K, 3 young (12288K), 3 survivors (12288K)
 Metaspace       used 35715K, committed 36096K, reserved 1081344K
  class space    used 4798K, committed 4992K, reserved 1048576K
}
Event: 9.033 GC heap before
{Heap before GC invocations=14 (full 0):
 garbage-first heap   total 110592K, used 75626K [0x0000000601000000, 0x0000000800000000)
  region size 4096K, 16 young (65536K), 3 survivors (12288K)
 Metaspace       used 39801K, committed 40256K, reserved 1089536K
  class space    used 5350K, committed 5568K, reserved 1048576K
}
Event: 9.047 GC heap after
{Heap after GC invocations=15 (full 0):
 garbage-first heap   total 110592K, used 24703K [0x0000000601000000, 0x0000000800000000)
  region size 4096K, 2 young (8192K), 2 survivors (8192K)
 Metaspace       used 39801K, committed 40256K, reserved 1089536K
  class space    used 5350K, committed 5568K, reserved 1048576K
}
Event: 14.623 GC heap before
{Heap before GC invocations=15 (full 0):
 garbage-first heap   total 110592K, used 24703K [0x0000000601000000, 0x0000000800000000)
  region size 4096K, 3 young (12288K), 2 survivors (8192K)
 Metaspace       used 40274K, committed 40768K, reserved 1089536K
  class space    used 5402K, committed 5632K, reserved 1048576K
}
Event: 14.627 GC heap after
{Heap after GC invocations=16 (full 0):
 garbage-first heap   total 319488K, used 24916K [0x0000000601000000, 0x0000000800000000)
  region size 4096K, 1 young (4096K), 1 survivors (4096K)
 Metaspace       used 40274K, committed 40768K, reserved 1089536K
  class space    used 5402K, committed 5632K, reserved 1048576K
}

