# JRE version: Java(TM) SE Runtime Environment (17.0.1+12) (build 17.0.1+12-LTS-39)
# Java VM: Java HotSpot(TM) 64-Bit Server VM (17.0.1+12-LTS-39, mixed mode, emulated-client, sharing, tiered, compressed oops, compressed class ptrs, g1 gc, windows-amd64)
GC Precious Log:
 CPUs: 8 total, 8 available
 Memory: 32690M
 Large Page Support: Disabled
 NUMA Support: Disabled
 Compressed Oops: Enabled (Zero based)
 Heap Region Size: 4M
 Heap Min Capacity: 8M
 Heap Initial Capacity: 512M
 Heap Max Capacity: 8176M
 Pre-touch: Disabled
 Parallel Workers: 8
 Concurrent Workers: 2
 Concurrent Refinement Workers: 8
 Periodic GC: Disabled
Heap:
 garbage-first heap   total 311296K, used 75787K [0x0000000601000000, 0x0000000800000000)
  region size 4096K, 14 young (57344K), 1 survivors (4096K)
 Metaspace       used 49077K, committed 49536K, reserved 1097728K
  class space    used 6648K, committed 6848K, reserved 1048576K
GC Heap History (20 events):
Event: 2.622 GC heap before
{Heap before GC invocations=7 (full 0):
 garbage-first heap   total 69632K, used 45807K [0x0000000601000000, 0x0000000800000000)
  region size 4096K, 9 young (36864K), 1 survivors (4096K)
 Metaspace       used 27504K, committed 27840K, reserved 1073152K
  class space    used 3702K, committed 3840K, reserved 1048576K
}
Event: 2.628 GC heap after
{Heap after GC invocations=8 (full 0):
 garbage-first heap   total 299008K, used 14396K [0x0000000601000000, 0x0000000800000000)
  region size 4096K, 1 young (4096K), 1 survivors (4096K)
 Metaspace       used 27504K, committed 27840K, reserved 1073152K
  class space    used 3702K, committed 3840K, reserved 1048576K
}
Event: 3.646 GC heap before
{Heap before GC invocations=8 (full 0):
 garbage-first heap   total 299008K, used 186428K [0x0000000601000000, 0x0000000800000000)
  region size 4096K, 43 young (176128K), 1 survivors (4096K)
 Metaspace       used 30308K, committed 30720K, reserved 1081344K
  class space    used 4090K, committed 4288K, reserved 1048576K
}
Event: 3.655 GC heap after
{Heap after GC invocations=9 (full 0):
 garbage-first heap   total 299008K, used 20994K [0x0000000601000000, 0x0000000800000000)
  region size 4096K, 3 young (12288K), 3 survivors (12288K)
 Metaspace       used 30308K, committed 30720K, reserved 1081344K
  class space    used 4090K, committed 4288K, reserved 1048576K
}
Event: 5.120 GC heap before
{Heap before GC invocations=9 (full 0):
 garbage-first heap   total 299008K, used 184834K [0x0000000601000000, 0x0000000800000000)
  region size 4096K, 43 young (176128K), 3 survivors (12288K)
 Metaspace       used 30975K, committed 31360K, reserved 1081344K
  class space    used 4158K, committed 4352K, reserved 1048576K
}
Event: 5.128 GC heap after
{Heap after GC invocations=10 (full 0):
 garbage-first heap   total 299008K, used 21761K [0x0000000601000000, 0x0000000800000000)
  region size 4096K, 3 young (12288K), 3 survivors (12288K)
 Metaspace       used 30975K, committed 31360K, reserved 1081344K
  class space    used 4158K, committed 4352K, reserved 1048576K
}
Event: 6.221 GC heap before
{Heap before GC invocations=10 (full 0):
 garbage-first heap   total 299008K, used 185601K [0x0000000601000000, 0x0000000800000000)
  region size 4096K, 43 young (176128K), 3 survivors (12288K)
 Metaspace       used 30992K, committed 31360K, reserved 1081344K
  class space    used 4164K, committed 4352K, reserved 1048576K
}
Event: 6.231 GC heap after
{Heap after GC invocations=11 (full 0):
 garbage-first heap   total 299008K, used 23914K [0x0000000601000000, 0x0000000800000000)
  region size 4096K, 4 young (16384K), 4 survivors (16384K)
 Metaspace       used 30992K, committed 31360K, reserved 1081344K
  class space    used 4164K, committed 4352K, reserved 1048576K
}
Event: 9.141 GC heap before
{Heap before GC invocations=11 (full 0):
 garbage-first heap   total 299008K, used 183658K [0x0000000601000000, 0x0000000800000000)
  region size 4096K, 43 young (176128K), 4 survivors (16384K)
 Metaspace       used 32048K, committed 32512K, reserved 1081344K
  class space    used 4344K, committed 4544K, reserved 1048576K
}
Event: 9.148 GC heap after
{Heap after GC invocations=12 (full 0):
 garbage-first heap   total 299008K, used 24332K [0x0000000601000000, 0x0000000800000000)
  region size 4096K, 4 young (16384K), 4 survivors (16384K)
 Metaspace       used 32048K, committed 32512K, reserved 1081344K
  class space    used 4344K, committed 4544K, reserved 1048576K
}
Event: 9.916 GC heap before
{Heap before GC invocations=12 (full 0):
 garbage-first heap   total 299008K, used 184076K [0x0000000601000000, 0x0000000800000000)
  region size 4096K, 43 young (176128K), 4 survivors (16384K)
 Metaspace       used 35376K, committed 35840K, reserved 1081344K
  class space    used 4749K, committed 4992K, reserved 1048576K
}
Event: 9.920 GC heap after
{Heap after GC invocations=13 (full 0):
 garbage-first heap   total 299008K, used 23049K [0x0000000601000000, 0x0000000800000000)
  region size 4096K, 3 young (12288K), 3 survivors (12288K)
 Metaspace       used 35376K, committed 35840K, reserved 1081344K
  class space    used 4749K, committed 4992K, reserved 1048576K
}
Event: 9.989 GC heap before
{Heap before GC invocations=13 (full 0):
 garbage-first heap   total 299008K, used 31241K [0x0000000601000000, 0x0000000800000000)
  region size 4096K, 6 young (24576K), 3 survivors (12288K)
 Metaspace       used 35712K, committed 36160K, reserved 1081344K
  class space    used 4805K, committed 5056K, reserved 1048576K
}
Event: 9.995 GC heap after
{Heap after GC invocations=14 (full 0):
 garbage-first heap   total 299008K, used 23370K [0x0000000601000000, 0x0000000800000000)
  region size 4096K, 3 young (12288K), 3 survivors (12288K)
 Metaspace       used 35712K, committed 36160K, reserved 1081344K
  class space    used 4805K, committed 5056K, reserved 1048576K
}
Event: 10.458 GC heap before
{Heap before GC invocations=15 (full 0):
 garbage-first heap   total 98304K, used 68426K [0x0000000601000000, 0x0000000800000000)
  region size 4096K, 14 young (57344K), 3 survivors (12288K)
 Metaspace       used 39164K, committed 39616K, reserved 1089536K
  class space    used 5275K, committed 5504K, reserved 1048576K
}
Event: 10.465 GC heap after
{Heap after GC invocations=16 (full 0):
 garbage-first heap   total 98304K, used 25706K [0x0000000601000000, 0x0000000800000000)
  region size 4096K, 2 young (8192K), 2 survivors (8192K)
 Metaspace       used 39164K, committed 39616K, reserved 1089536K
  class space    used 5275K, committed 5504K, reserved 1048576K
}
Event: 10.513 GC heap before
{Heap before GC invocations=16 (full 0):
 garbage-first heap   total 98304K, used 29802K [0x0000000601000000, 0x0000000800000000)
  region size 4096K, 3 young (12288K), 2 survivors (8192K)
 Metaspace       used 39677K, committed 40128K, reserved 1089536K
  class space    used 5343K, committed 5568K, reserved 1048576K
}
Event: 10.518 GC heap after
{Heap after GC invocations=17 (full 0):
 garbage-first heap   total 98304K, used 25752K [0x0000000601000000, 0x0000000800000000)
  region size 4096K, 1 young (4096K), 1 survivors (4096K)
 Metaspace       used 39677K, committed 40128K, reserved 1089536K
  class space    used 5343K, committed 5568K, reserved 1048576K
}
Event: 10.964 GC heap before
{Heap before GC invocations=17 (full 0):
 garbage-first heap   total 98304K, used 70808K [0x0000000601000000, 0x0000000800000000)
  region size 4096K, 13 young (53248K), 1 survivors (4096K)
 Metaspace       used 44431K, committed 44928K, reserved 1089536K
  class space    used 5972K, committed 6208K, reserved 1048576K
}
Event: 10.967 GC heap after
{Heap after GC invocations=18 (full 0):
 garbage-first heap   total 311296K, used 26635K [0x0000000601000000, 0x0000000800000000)
  region size 4096K, 1 young (4096K), 1 survivors (4096K)
 Metaspace       used 44431K, committed 44928K, reserved 1089536K
  class space    used 5972K, committed 6208K, reserved 1048576K
}

