# JRE version: Java(TM) SE Runtime Environment (17.0.1+12) (build 17.0.1+12-LTS-39)
# Java VM: Java HotSpot(TM) 64-Bit Server VM (17.0.1+12-LTS-39, mixed mode, emulated-client, sharing, tiered, compressed oops, compressed class ptrs, g1 gc, windows-amd64)
GC Precious Log:
 CPUs: 8 total, 8 available
 Memory: 32690M
 Large Page Support: Disabled
 NUMA Support: Disabled
 Compressed Oops: Enabled (Zero based)
 Heap Region Size: 4M
 Heap Min Capacity: 8M
 Heap Initial Capacity: 512M
 Heap Max Capacity: 8176M
 Pre-touch: Disabled
 Parallel Workers: 8
 Concurrent Workers: 2
 Concurrent Refinement Workers: 8
 Periodic GC: Disabled
Heap:
 garbage-first heap   total 323584K, used 147329K [0x0000000601000000, 0x0000000800000000)
  region size 4096K, 31 young (126976K), 1 survivors (4096K)
 Metaspace       used 54695K, committed 55296K, reserved 1097728K
  class space    used 7476K, committed 7744K, reserved 1048576K
GC Heap History (20 events):
Event: 5.646 GC heap before
{Heap before GC invocations=9 (full 0):
 garbage-first heap   total 303104K, used 190117K [0x0000000601000000, 0x0000000800000000)
  region size 4096K, 44 young (180224K), 3 survivors (12288K)
 Metaspace       used 31969K, committed 32384K, reserved 1081344K
  class space    used 4297K, committed 4480K, reserved 1048576K
}
Event: 5.652 GC heap after
{Heap after GC invocations=10 (full 0):
 garbage-first heap   total 303104K, used 22882K [0x0000000601000000, 0x0000000800000000)
  region size 4096K, 3 young (12288K), 3 survivors (12288K)
 Metaspace       used 31969K, committed 32384K, reserved 1081344K
  class space    used 4297K, committed 4480K, reserved 1048576K
}
Event: 6.584 GC heap before
{Heap before GC invocations=10 (full 0):
 garbage-first heap   total 303104K, used 190818K [0x0000000601000000, 0x0000000800000000)
  region size 4096K, 44 young (180224K), 3 survivors (12288K)
 Metaspace       used 31986K, committed 32384K, reserved 1081344K
  class space    used 4303K, committed 4480K, reserved 1048576K
}
Event: 6.590 GC heap after
{Heap after GC invocations=11 (full 0):
 garbage-first heap   total 303104K, used 24038K [0x0000000601000000, 0x0000000800000000)
  region size 4096K, 4 young (16384K), 4 survivors (16384K)
 Metaspace       used 31986K, committed 32384K, reserved 1081344K
  class space    used 4303K, committed 4480K, reserved 1048576K
}
Event: 9.267 GC heap before
{Heap before GC invocations=11 (full 0):
 garbage-first heap   total 303104K, used 183782K [0x0000000601000000, 0x0000000800000000)
  region size 4096K, 44 young (180224K), 4 survivors (16384K)
 Metaspace       used 32075K, committed 32448K, reserved 1081344K
  class space    used 4325K, committed 4480K, reserved 1048576K
}
Event: 9.276 GC heap after
{Heap after GC invocations=12 (full 0):
 garbage-first heap   total 303104K, used 24761K [0x0000000601000000, 0x0000000800000000)
  region size 4096K, 4 young (16384K), 4 survivors (16384K)
 Metaspace       used 32075K, committed 32448K, reserved 1081344K
  class space    used 4325K, committed 4480K, reserved 1048576K
}
Event: 9.611 GC heap before
{Heap before GC invocations=12 (full 0):
 garbage-first heap   total 303104K, used 78009K [0x0000000601000000, 0x0000000800000000)
  region size 4096K, 18 young (73728K), 4 survivors (16384K)
 Metaspace       used 35840K, committed 36288K, reserved 1081344K
  class space    used 4831K, committed 5056K, reserved 1048576K
}
Event: 9.617 GC heap after
{Heap after GC invocations=13 (full 0):
 garbage-first heap   total 303104K, used 23789K [0x0000000601000000, 0x0000000800000000)
  region size 4096K, 4 young (16384K), 4 survivors (16384K)
 Metaspace       used 35840K, committed 36288K, reserved 1081344K
  class space    used 4831K, committed 5056K, reserved 1048576K
}
Event: 9.918 GC heap before
{Heap before GC invocations=14 (full 0):
 garbage-first heap   total 122880K, used 85229K [0x0000000601000000, 0x0000000800000000)
  region size 4096K, 19 young (77824K), 4 survivors (16384K)
 Metaspace       used 38654K, committed 39104K, reserved 1089536K
  class space    used 5240K, committed 5440K, reserved 1048576K
}
Event: 9.925 GC heap after
{Heap after GC invocations=15 (full 0):
 garbage-first heap   total 122880K, used 25455K [0x0000000601000000, 0x0000000800000000)
  region size 4096K, 2 young (8192K), 2 survivors (8192K)
 Metaspace       used 38654K, committed 39104K, reserved 1089536K
  class space    used 5240K, committed 5440K, reserved 1048576K
}
Event: 9.929 GC heap before
{Heap before GC invocations=15 (full 0):
 garbage-first heap   total 122880K, used 29551K [0x0000000601000000, 0x0000000800000000)
  region size 4096K, 3 young (12288K), 2 survivors (8192K)
 Metaspace       used 38713K, committed 39232K, reserved 1089536K
  class space    used 5244K, committed 5504K, reserved 1048576K
}
Event: 9.933 GC heap after
{Heap after GC invocations=16 (full 0):
 garbage-first heap   total 122880K, used 26093K [0x0000000601000000, 0x0000000800000000)
  region size 4096K, 1 young (4096K), 1 survivors (4096K)
 Metaspace       used 38713K, committed 39232K, reserved 1089536K
  class space    used 5244K, committed 5504K, reserved 1048576K
}
Event: 10.064 GC heap before
{Heap before GC invocations=16 (full 0):
 garbage-first heap   total 122880K, used 95725K [0x0000000601000000, 0x0000000800000000)
  region size 4096K, 18 young (73728K), 1 survivors (4096K)
 Metaspace       used 39741K, committed 40256K, reserved 1089536K
  class space    used 5390K, committed 5632K, reserved 1048576K
}
Event: 10.068 GC heap after
{Heap after GC invocations=17 (full 0):
 garbage-first heap   total 122880K, used 26293K [0x0000000601000000, 0x0000000800000000)
  region size 4096K, 1 young (4096K), 1 survivors (4096K)
 Metaspace       used 39741K, committed 40256K, reserved 1089536K
  class space    used 5390K, committed 5632K, reserved 1048576K
}
Event: 18.660 GC heap before
{Heap before GC invocations=18 (full 0):
 garbage-first heap   total 122880K, used 91829K [0x0000000601000000, 0x0000000800000000)
  region size 4096K, 18 young (73728K), 1 survivors (4096K)
 Metaspace       used 46144K, committed 46656K, reserved 1089536K
  class space    used 6218K, committed 6464K, reserved 1048576K
}
Event: 18.664 GC heap after
{Heap after GC invocations=19 (full 0):
 garbage-first heap   total 122880K, used 28423K [0x0000000601000000, 0x0000000800000000)
  region size 4096K, 2 young (8192K), 2 survivors (8192K)
 Metaspace       used 46144K, committed 46656K, reserved 1089536K
  class space    used 6218K, committed 6464K, reserved 1048576K
}
Event: 18.696 GC heap before
{Heap before GC invocations=19 (full 0):
 garbage-first heap   total 122880K, used 32519K [0x0000000601000000, 0x0000000800000000)
  region size 4096K, 3 young (12288K), 2 survivors (8192K)
 Metaspace       used 46589K, committed 47168K, reserved 1089536K
  class space    used 6268K, committed 6528K, reserved 1048576K
}
Event: 18.701 GC heap after
{Heap after GC invocations=20 (full 0):
 garbage-first heap   total 122880K, used 28089K [0x0000000601000000, 0x0000000800000000)
  region size 4096K, 1 young (4096K), 1 survivors (4096K)
 Metaspace       used 46589K, committed 47168K, reserved 1089536K
  class space    used 6268K, committed 6528K, reserved 1048576K
}
Event: 18.976 GC heap before
{Heap before GC invocations=20 (full 0):
 garbage-first heap   total 122880K, used 105913K [0x0000000601000000, 0x0000000800000000)
  region size 4096K, 9 young (36864K), 1 survivors (4096K)
 Metaspace       used 49361K, committed 49920K, reserved 1097728K
  class space    used 6601K, committed 6848K, reserved 1048576K
}
Event: 18.982 GC heap after
{Heap after GC invocations=21 (full 0):
 garbage-first heap   total 323584K, used 28545K [0x0000000601000000, 0x0000000800000000)
  region size 4096K, 1 young (4096K), 1 survivors (4096K)
 Metaspace       used 49361K, committed 49920K, reserved 1097728K
  class space    used 6601K, committed 6848K, reserved 1048576K
}

